Traceback (most recent call last):
  File "/home/furiosa/Documents/Adarsh/PolyAmor/molgpt/.venv/lib/python3.11/site-packages/pandas/core/indexes/base.py", line 3641, in get_loc
    return self._engine.get_loc(casted_key)
           ^^^^^^^^^^^^^^^^^^^^^^^^^^^^^^^^
  File "pandas/_libs/index.pyx", line 168, in pandas._libs.index.IndexEngine.get_loc
  File "pandas/_libs/index.pyx", line 197, in pandas._libs.index.IndexEngine.get_loc
  File "pandas/_libs/hashtable_class_helper.pxi", line 7668, in pandas._libs.hashtable.PyObjectHashTable.get_item
  File "pandas/_libs/hashtable_class_helper.pxi", line 7676, in pandas._libs.hashtable.PyObjectHashTable.get_item
KeyError: 'scaffold_smiles'

The above exception was the direct cause of the following exception:

Traceback (most recent call last):
  File "/home/furiosa/Documents/Adarsh/PolyAmor/molgpt/train/train.py", line 97, in <module>
    scaffold = train_data['scaffold_smiles']
               ~~~~~~~~~~^^^^^^^^^^^^^^^^^^^
  File "/home/furiosa/Documents/Adarsh/PolyAmor/molgpt/.venv/lib/python3.11/site-packages/pandas/core/frame.py", line 4378, in __getitem__
    indexer = self.columns.get_loc(key)
              ^^^^^^^^^^^^^^^^^^^^^^^^^
  File "/home/furiosa/Documents/Adarsh/PolyAmor/molgpt/.venv/lib/python3.11/site-packages/pandas/core/indexes/base.py", line 3648, in get_loc
    raise KeyError(key) from err
KeyError: 'scaffold_smiles'
